<?xml version="1.0" encoding="UTF-8"?>
<!-- Generated by org.testng.reporters.JUnitReportReporter -->
<testsuite hostname="7568mdsalman" failures="0" tests="2" name="Test_02.ContactTest" time="0.008" errors="0" timestamp="2024-10-08T17:17:21 IST" skipped="0">
  <testcase classname="Test_02.ContactTest" name="createContact" time="0.006"/>
  <system-out/>
  <testcase classname="Test_02.ContactTest" name="modifyOrg" time="0.002"/>
  <system-out/>
</testsuite> <!-- Test_02.ContactTest -->
